<?xml version="1.0" encoding="UTF-8"?>
<testsuite xmlns:xsi="http://www.w3.org/2001/XMLSchema-instance" xsi:noNamespaceSchemaLocation="https://maven.apache.org/surefire/maven-surefire-plugin/xsd/surefire-test-report-3.0.xsd" version="3.0" name="com.src.test.TestClass" time="0.123" tests="5" errors="0" skipped="0" failures="0">
  <properties>
[...]
</properties>
  <testcase name="testCalculateSquareRootZero1" classname="com.src.test.TestClass" time="0.022">
    <system-out><![CDATA[we using before class
we using after
]]></system-out>
  </testcase>
  <testcase name="test" classname="com.src.test.TestClass" time="0.003">
    <system-out><![CDATA[we using before class
we using test
we using after
]]></system-out>
  </testcase>
  <testcase name="testCalculateSquareRootNegativeNumber2" classname="com.src.test.TestClass" time="0.002">
    <system-out><![CDATA[we using before class
we using after
]]></system-out>
  </testcase>
  <testcase name="testCalculateSquareRootNegativeNumber" classname="com.src.test.TestClass" time="0.002">
    <system-out><![CDATA[we using before class
we using after
]]></system-out>
  </testcase>
  <testcase name="testCalculateSquareRootPositiveNumber" classname="com.src.test.TestClass" time="0.002">
    <system-out><![CDATA[we using before class
we using after
]]></system-out>
  </testcase>
</testsuite>